Reading netlist file: "C:\odev\sicaklikk\impl\gwsynthesis\sicaklikk.vg"
Parsing netlist file "C:\odev\sicaklikk\impl\gwsynthesis\sicaklikk.vg" completed
Processing netlist completed
Reading constraint file: "C:\odev\sicaklikk\src\sicaklikk.cst"
Physical Constraint parsed completed
Running placement......
[10%] Placement Phase 0 completed
[20%] Placement Phase 1 completed
[30%] Placement Phase 2 completed
[50%] Placement Phase 3 completed
Running routing......
[60%] Routing Phase 0 completed
[70%] Routing Phase 1 completed
[80%] Routing Phase 2 completed
WARN  (PR1014) : Generic routing resource will be used to clock signal 'clk_d' by the specified constraint. And then it may lead to the excessive delay or skew
[90%] Routing Phase 3 completed
Running timing analysis......
[95%] Timing analysis completed
Placement and routing completed
Bitstream generation in progress......
Bitstream generation completed
Running power analysis......
[100%] Power analysis completed
Generate file "C:\odev\sicaklikk\impl\pnr\sicaklikk.power.html" completed
Generate file "C:\odev\sicaklikk\impl\pnr\sicaklikk.pin.html" completed
Generate file "C:\odev\sicaklikk\impl\pnr\sicaklikk.rpt.html" completed
Generate file "C:\odev\sicaklikk\impl\pnr\sicaklikk.rpt.txt" completed
Generate file "C:\odev\sicaklikk\impl\pnr\sicaklikk.tr.html" completed
Mon May 29 02:06:36 2023

